This file contains any messages produced by compilers while
running configure, to aid debugging if configure makes a mistake.

It was created by pocketsphinx configure 5prealpha, which was
generated by GNU Autoconf 2.69.  Invocation command line was

  $ ./configure 

## --------- ##
## Platform. ##
## --------- ##

hostname = raspberrypi
uname -m = armv7l
uname -r = 4.4.6-v7+
uname -s = Linux
uname -v = #1 SMP Tue Apr 12 02:14:28 CEST 2016

/usr/bin/uname -p = unknown
/bin/uname -X     = unknown

/bin/arch              = unknown
/usr/bin/arch -k       = unknown
/usr/convex/getsysinfo = unknown
/usr/bin/hostinfo      = unknown
/bin/machine           = unknown
/usr/bin/oslevel       = unknown
/bin/universe          = unknown

PATH: /home/pi/bin
PATH: /usr/local/sbin
PATH: /usr/local/bin
PATH: /usr/sbin
PATH: /usr/bin
PATH: /sbin
PATH: /bin
PATH: /usr/local/games
PATH: /usr/games


## ----------- ##
## Core tests. ##
## ----------- ##

configure:2545: checking for a BSD-compatible install
configure:2613: result: /usr/bin/install -c
configure:2624: checking whether build environment is sane
configure:2679: result: yes
configure:2830: checking for a thread-safe mkdir -p
configure:2869: result: /bin/mkdir -p
configure:2876: checking for gawk
configure:2906: result: no
configure:2876: checking for mawk
configure:2892: found /usr/bin/mawk
configure:2903: result: mawk
configure:2914: checking whether make sets $(MAKE)
configure:2936: result: yes
configure:2965: checking whether make supports nested variables
configure:2982: result: yes
configure:3107: checking build system type
configure:3121: result: armv7l-unknown-linux-gnueabihf
configure:3141: checking host system type
configure:3154: result: armv7l-unknown-linux-gnueabihf
configure:3222: checking for gcc
configure:3238: found /usr/bin/gcc
configure:3249: result: gcc
configure:3478: checking for C compiler version
configure:3487: gcc --version >&5
gcc (Raspbian 4.9.2-10) 4.9.2
Copyright (C) 2014 Free Software Foundation, Inc.
This is free software; see the source for copying conditions.  There is NO
warranty; not even for MERCHANTABILITY or FITNESS FOR A PARTICULAR PURPOSE.

configure:3498: $? = 0
configure:3487: gcc -v >&5
Using built-in specs.
COLLECT_GCC=gcc
COLLECT_LTO_WRAPPER=/usr/lib/gcc/arm-linux-gnueabihf/4.9/lto-wrapper
Target: arm-linux-gnueabihf
Configured with: ../src/configure -v --with-pkgversion='Raspbian 4.9.2-10' --with-bugurl=file:///usr/share/doc/gcc-4.9/README.Bugs --enable-languages=c,c++,java,go,d,fortran,objc,obj-c++ --prefix=/usr --program-suffix=-4.9 --enable-shared --enable-linker-build-id --libexecdir=/usr/lib --without-included-gettext --enable-threads=posix --with-gxx-include-dir=/usr/include/c++/4.9 --libdir=/usr/lib --enable-nls --with-sysroot=/ --enable-clocale=gnu --enable-libstdcxx-debug --enable-libstdcxx-time=yes --enable-gnu-unique-object --disable-libitm --disable-libquadmath --enable-plugin --with-system-zlib --disable-browser-plugin --enable-java-awt=gtk --enable-gtk-cairo --with-java-home=/usr/lib/jvm/java-1.5.0-gcj-4.9-armhf/jre --enable-java-home --with-jvm-root-dir=/usr/lib/jvm/java-1.5.0-gcj-4.9-armhf --with-jvm-jar-dir=/usr/lib/jvm-exports/java-1.5.0-gcj-4.9-armhf --with-arch-directory=arm --with-ecj-jar=/usr/share/java/eclipse-ecj.jar --enable-objc-gc --enable-multiarch --disable-sjlj-exceptions --with-arch=armv6 --with-fpu=vfp --with-float=hard --enable-checking=release --build=arm-linux-gnueabihf --host=arm-linux-gnueabihf --target=arm-linux-gnueabihf
Thread model: posix
gcc version 4.9.2 (Raspbian 4.9.2-10) 
configure:3498: $? = 0
configure:3487: gcc -V >&5
gcc: error: unrecognized command line option '-V'
gcc: fatal error: no input files
compilation terminated.
configure:3498: $? = 4
configure:3487: gcc -qversion >&5
gcc: error: unrecognized command line option '-qversion'
gcc: fatal error: no input files
compilation terminated.
configure:3498: $? = 4
configure:3518: checking whether the C compiler works
configure:3540: gcc -g -O2 -Wall   conftest.c  >&5
configure:3544: $? = 0
configure:3592: result: yes
configure:3595: checking for C compiler default output file name
configure:3597: result: a.out
configure:3603: checking for suffix of executables
configure:3610: gcc -o conftest -g -O2 -Wall   conftest.c  >&5
configure:3614: $? = 0
configure:3636: result: 
configure:3658: checking whether we are cross compiling
configure:3666: gcc -o conftest -g -O2 -Wall   conftest.c  >&5
configure:3670: $? = 0
configure:3677: ./conftest
configure:3681: $? = 0
configure:3696: result: no
configure:3701: checking for suffix of object files
configure:3723: gcc -c -g -O2 -Wall  conftest.c >&5
configure:3727: $? = 0
configure:3748: result: o
configure:3752: checking whether we are using the GNU C compiler
configure:3771: gcc -c -g -O2 -Wall  conftest.c >&5
configure:3771: $? = 0
configure:3780: result: yes
configure:3789: checking whether gcc accepts -g
configure:3809: gcc -c -g  conftest.c >&5
configure:3809: $? = 0
configure:3850: result: yes
configure:3867: checking for gcc option to accept ISO C89
configure:3930: gcc  -c -g -O2 -Wall  conftest.c >&5
configure:3930: $? = 0
configure:3943: result: none needed
configure:3968: checking whether gcc understands -c and -o together
configure:3990: gcc -c conftest.c -o conftest2.o
configure:3993: $? = 0
configure:3990: gcc -c conftest.c -o conftest2.o
configure:3993: $? = 0
configure:4005: result: yes
configure:4033: checking for style of include used by make
configure:4061: result: GNU
configure:4087: checking dependency style of gcc
configure:4198: result: gcc3
configure:4219: checking how to run the C preprocessor
configure:4250: gcc -E  conftest.c
configure:4250: $? = 0
configure:4264: gcc -E  conftest.c
conftest.c:9:28: fatal error: ac_nonexistent.h: No such file or directory
 #include <ac_nonexistent.h>
                            ^
compilation terminated.
configure:4264: $? = 1
configure: failed program was:
| /* confdefs.h */
| #define PACKAGE_NAME "pocketsphinx"
| #define PACKAGE_TARNAME "pocketsphinx"
| #define PACKAGE_VERSION "5prealpha"
| #define PACKAGE_STRING "pocketsphinx 5prealpha"
| #define PACKAGE_BUGREPORT ""
| #define PACKAGE_URL ""
| /* end confdefs.h.  */
| #include <ac_nonexistent.h>
configure:4289: result: gcc -E
configure:4309: gcc -E  conftest.c
configure:4309: $? = 0
configure:4323: gcc -E  conftest.c
conftest.c:9:28: fatal error: ac_nonexistent.h: No such file or directory
 #include <ac_nonexistent.h>
                            ^
compilation terminated.
configure:4323: $? = 1
configure: failed program was:
| /* confdefs.h */
| #define PACKAGE_NAME "pocketsphinx"
| #define PACKAGE_TARNAME "pocketsphinx"
| #define PACKAGE_VERSION "5prealpha"
| #define PACKAGE_STRING "pocketsphinx 5prealpha"
| #define PACKAGE_BUGREPORT ""
| #define PACKAGE_URL ""
| /* end confdefs.h.  */
| #include <ac_nonexistent.h>
configure:4352: checking for grep that handles long lines and -e
configure:4410: result: /bin/grep
configure:4415: checking for egrep
configure:4477: result: /bin/grep -E
configure:4482: checking for ANSI C header files
configure:4502: gcc -c -g -O2 -Wall  conftest.c >&5
configure:4502: $? = 0
configure:4575: gcc -o conftest -g -O2 -Wall   conftest.c  >&5
configure:4575: $? = 0
configure:4575: ./conftest
configure:4575: $? = 0
configure:4586: result: yes
configure:4599: checking for sys/types.h
configure:4599: gcc -c -g -O2 -Wall  conftest.c >&5
configure:4599: $? = 0
configure:4599: result: yes
configure:4599: checking for sys/stat.h
configure:4599: gcc -c -g -O2 -Wall  conftest.c >&5
configure:4599: $? = 0
configure:4599: result: yes
configure:4599: checking for stdlib.h
configure:4599: gcc -c -g -O2 -Wall  conftest.c >&5
configure:4599: $? = 0
configure:4599: result: yes
configure:4599: checking for string.h
configure:4599: gcc -c -g -O2 -Wall  conftest.c >&5
configure:4599: $? = 0
configure:4599: result: yes
configure:4599: checking for memory.h
configure:4599: gcc -c -g -O2 -Wall  conftest.c >&5
configure:4599: $? = 0
configure:4599: result: yes
configure:4599: checking for strings.h
configure:4599: gcc -c -g -O2 -Wall  conftest.c >&5
configure:4599: $? = 0
configure:4599: result: yes
configure:4599: checking for inttypes.h
configure:4599: gcc -c -g -O2 -Wall  conftest.c >&5
configure:4599: $? = 0
configure:4599: result: yes
configure:4599: checking for stdint.h
configure:4599: gcc -c -g -O2 -Wall  conftest.c >&5
configure:4599: $? = 0
configure:4599: result: yes
configure:4599: checking for unistd.h
configure:4599: gcc -c -g -O2 -Wall  conftest.c >&5
configure:4599: $? = 0
configure:4599: result: yes
configure:4611: checking for long long
configure:4611: gcc -c -g -O2 -Wall  conftest.c >&5
configure:4611: $? = 0
configure:4611: gcc -c -g -O2 -Wall  conftest.c >&5
conftest.c: In function 'main':
conftest.c:55:24: error: expected expression before ')' token
 if (sizeof ((long long)))
                        ^
configure:4611: $? = 1
configure: failed program was:
| /* confdefs.h */
| #define PACKAGE_NAME "pocketsphinx"
| #define PACKAGE_TARNAME "pocketsphinx"
| #define PACKAGE_VERSION "5prealpha"
| #define PACKAGE_STRING "pocketsphinx 5prealpha"
| #define PACKAGE_BUGREPORT ""
| #define PACKAGE_URL ""
| #define STDC_HEADERS 1
| #define HAVE_SYS_TYPES_H 1
| #define HAVE_SYS_STAT_H 1
| #define HAVE_STDLIB_H 1
| #define HAVE_STRING_H 1
| #define HAVE_MEMORY_H 1
| #define HAVE_STRINGS_H 1
| #define HAVE_INTTYPES_H 1
| #define HAVE_STDINT_H 1
| #define HAVE_UNISTD_H 1
| /* end confdefs.h.  */
| #include <stdio.h>
| #ifdef HAVE_SYS_TYPES_H
| # include <sys/types.h>
| #endif
| #ifdef HAVE_SYS_STAT_H
| # include <sys/stat.h>
| #endif
| #ifdef STDC_HEADERS
| # include <stdlib.h>
| # include <stddef.h>
| #else
| # ifdef HAVE_STDLIB_H
| #  include <stdlib.h>
| # endif
| #endif
| #ifdef HAVE_STRING_H
| # if !defined STDC_HEADERS && defined HAVE_MEMORY_H
| #  include <memory.h>
| # endif
| # include <string.h>
| #endif
| #ifdef HAVE_STRINGS_H
| # include <strings.h>
| #endif
| #ifdef HAVE_INTTYPES_H
| # include <inttypes.h>
| #endif
| #ifdef HAVE_STDINT_H
| # include <stdint.h>
| #endif
| #ifdef HAVE_UNISTD_H
| # include <unistd.h>
| #endif
| int
| main ()
| {
| if (sizeof ((long long)))
| 	    return 0;
|   ;
|   return 0;
| }
configure:4611: result: yes
configure:4625: checking size of long long
configure:4630: gcc -o conftest -g -O2 -Wall   conftest.c  >&5
configure:4630: $? = 0
configure:4630: ./conftest
configure:4630: $? = 0
configure:4644: result: 8
configure:4701: checking how to print strings
configure:4728: result: printf
configure:4749: checking for a sed that does not truncate output
configure:4813: result: /bin/sed
configure:4831: checking for fgrep
configure:4893: result: /bin/grep -F
configure:4928: checking for ld used by gcc
configure:4995: result: /usr/bin/ld
configure:5002: checking if the linker (/usr/bin/ld) is GNU ld
configure:5017: result: yes
configure:5029: checking for BSD- or MS-compatible name lister (nm)
configure:5078: result: /usr/bin/nm -B
configure:5208: checking the name lister (/usr/bin/nm -B) interface
configure:5215: gcc -c -g -O2 -Wall  conftest.c >&5
configure:5218: /usr/bin/nm -B "conftest.o"
configure:5221: output
00000000 B some_variable
configure:5228: result: BSD nm
configure:5231: checking whether ln -s works
configure:5235: result: yes
configure:5243: checking the maximum length of command line arguments
configure:5374: result: 1572864
configure:5391: checking whether the shell understands some XSI constructs
configure:5401: result: yes
configure:5405: checking whether the shell understands "+="
configure:5411: result: yes
configure:5446: checking how to convert armv7l-unknown-linux-gnueabihf file names to armv7l-unknown-linux-gnueabihf format
configure:5486: result: func_convert_file_noop
configure:5493: checking how to convert armv7l-unknown-linux-gnueabihf file names to toolchain format
configure:5513: result: func_convert_file_noop
configure:5520: checking for /usr/bin/ld option to reload object files
configure:5527: result: -r
configure:5601: checking for objdump
configure:5617: found /usr/bin/objdump
configure:5628: result: objdump
configure:5660: checking how to recognize dependent libraries
configure:5858: result: pass_all
configure:5943: checking for dlltool
configure:5973: result: no
configure:6003: checking how to associate runtime and link libraries
configure:6030: result: printf %s\n
configure:6090: checking for ar
configure:6106: found /usr/bin/ar
configure:6117: result: ar
configure:6154: checking for archiver @FILE support
configure:6171: gcc -c -g -O2 -Wall  conftest.c >&5
configure:6171: $? = 0
configure:6174: ar cru libconftest.a @conftest.lst >&5
configure:6177: $? = 0
configure:6182: ar cru libconftest.a @conftest.lst >&5
ar: conftest.o: No such file or directory
configure:6185: $? = 1
configure:6197: result: @
configure:6255: checking for strip
configure:6271: found /usr/bin/strip
configure:6282: result: strip
configure:6354: checking for ranlib
configure:6370: found /usr/bin/ranlib
configure:6381: result: ranlib
configure:6483: checking command to parse /usr/bin/nm -B output from gcc object
configure:6603: gcc -c -g -O2 -Wall  conftest.c >&5
configure:6606: $? = 0
configure:6610: /usr/bin/nm -B conftest.o \| sed -n -e 's/^.*[ ]\([ABCDGIRSTW][ABCDGIRSTW]*\)[ ][ ]*\([_A-Za-z][_A-Za-z0-9]*\)$/\1 \2 \2/p' | sed '/ __gnu_lto/d' \> conftest.nm
configure:6613: $? = 0
configure:6679: gcc -o conftest -g -O2 -Wall   conftest.c conftstm.o >&5
configure:6682: $? = 0
configure:6720: result: ok
configure:6757: checking for sysroot
configure:6787: result: no
configure:7056: checking for mt
configure:7072: found /bin/mt
configure:7083: result: mt
configure:7106: checking if mt is a manifest tool
configure:7112: mt '-?'
configure:7120: result: no
configure:7759: checking for dlfcn.h
configure:7759: gcc -c -g -O2 -Wall  conftest.c >&5
configure:7759: $? = 0
configure:7759: result: yes
configure:7965: checking for objdir
configure:7980: result: .libs
configure:8251: checking if gcc supports -fno-rtti -fno-exceptions
configure:8269: gcc -c -g -O2 -Wall  -fno-rtti -fno-exceptions conftest.c >&5
cc1: warning: command line option '-fno-rtti' is valid for C++/ObjC++ but not for C
configure:8273: $? = 0
configure:8286: result: no
configure:8613: checking for gcc option to produce PIC
configure:8620: result: -fPIC -DPIC
configure:8628: checking if gcc PIC flag -fPIC -DPIC works
configure:8646: gcc -c -g -O2 -Wall  -fPIC -DPIC -DPIC conftest.c >&5
configure:8650: $? = 0
configure:8663: result: yes
configure:8692: checking if gcc static flag -static works
configure:8720: result: yes
configure:8735: checking if gcc supports -c -o file.o
configure:8756: gcc -c -g -O2 -Wall  -o out/conftest2.o conftest.c >&5
configure:8760: $? = 0
configure:8782: result: yes
configure:8790: checking if gcc supports -c -o file.o
configure:8837: result: yes
configure:8870: checking whether the gcc linker (/usr/bin/ld) supports shared libraries
configure:10027: result: yes
configure:10064: checking whether -lc should be explicitly linked in
configure:10072: gcc -c -g -O2 -Wall  conftest.c >&5
configure:10075: $? = 0
configure:10090: gcc -shared  -fPIC -DPIC conftest.o  -v -Wl,-soname -Wl,conftest -o conftest 2\>\&1 \| /bin/grep  -lc  \>/dev/null 2\>\&1
configure:10093: $? = 0
configure:10107: result: no
configure:10267: checking dynamic linker characteristics
configure:10767: gcc -o conftest -g -O2 -Wall   -Wl,-rpath -Wl,/foo conftest.c  >&5
configure:10767: $? = 0
configure:11001: result: GNU/Linux ld.so
configure:11108: checking how to hardcode library paths into programs
configure:11133: result: immediate
configure:11673: checking whether stripping libraries is possible
configure:11678: result: yes
configure:11713: checking if libtool supports shared libraries
configure:11715: result: yes
configure:11718: checking whether to build shared libraries
configure:11739: result: yes
configure:11742: checking whether to build static libraries
configure:11746: result: yes
configure:11786: checking for pkg-config
configure:11802: found /usr/bin/pkg-config
configure:11814: result: yes
configure:11825: checking for doxygen
configure:11853: result: no
configure:11913: checking for a Python interpreter with version >= 2.6
configure:11930: python -c import sys # split strings by '.' and convert to numeric. Append some zeros # because we need at least 4 digits for the hex conversion. # map returns an iterator in Python 3.0 and a list in 2.x minver = list(map(int, '2.6'.split('.'))) + [0, 0, 0] minverhex = 0 # xrange is not present in Python 3.0 and range returns an iterator for i in list(range(0, 4)): minverhex = (minverhex << 8) + minver[i] sys.exit(sys.hexversion < minverhex)
configure:11933: $? = 0
configure:11939: result: python
configure:11947: checking for python
configure:11965: found /usr/bin/python
configure:11977: result: /usr/bin/python
configure:11995: checking for python version
configure:12002: result: 2.7
configure:12014: checking for python platform
configure:12021: result: linux2
configure:12047: checking for python script directory
configure:12082: result: ${prefix}/lib/python2.7/dist-packages
configure:12091: checking for python extension module directory
configure:12126: result: ${exec_prefix}/lib/python2.7/dist-packages
configure:12147: checking for python2.7
configure:12177: result: /usr/bin/python
configure:12193: checking for a version of Python >= '2.1.0'
configure:12219: result: yes
configure:12250: checking for the distutils Python package
configure:12254: result: yes
configure:12268: checking for Python include path
configure:12284: result: -I/usr/include/python2.7
configure:12291: checking for Python library path
configure:12368: result: -L/usr/lib -lpython2.7
configure:12375: checking for Python site-packages path
configure:12381: result: /usr/lib/python2.7/dist-packages
configure:12388: checking python extra libraries
configure:12395: result: -lpthread -ldl  -lutil -lm
configure:12402: checking python extra linking flags
configure:12409: result: -Xlinker -export-dynamic -Wl,-O1 -Wl,-Bsymbolic-functions
configure:12416: checking consistency of all components of python development environment
configure:12442: gcc -o conftest -g -O2 -Wall  -I/usr/include/python2.7  conftest.c  -L/usr/lib -lpython2.7 -Xlinker -export-dynamic -Wl,-O1 -Wl,-Bsymbolic-functions -lpthread -ldl  -lutil -lm >&5
configure:12442: $? = 0
configure:12459: result: yes
configure:12490: checking for swig
configure:12508: found /usr/bin/swig
configure:12520: result: /usr/bin/swig
configure:12534: checking SWIG version
configure:12537: result: 2.0.12
configure:12586: checking for SWIG library
configure:12589: result: /usr/share/swig2.0
configure:12665: checking for pkg-config
configure:12683: found /usr/bin/pkg-config
configure:12695: result: /usr/bin/pkg-config
configure:12720: checking pkg-config is at least version 0.9.0
configure:12723: result: yes
configure:12734: checking for GStreamer
configure:12744: $PKG_CONFIG --exists --print-errors "gstreamer-$GST_MAJORMINOR >= 1.0
		       gstreamer-base-$GST_MAJORMINOR >= 1.0
		       gstreamer-plugins-base-$GST_MAJORMINOR >= 1.0"
Package gstreamer-1.0 was not found in the pkg-config search path.
Perhaps you should add the directory containing `gstreamer-1.0.pc'
to the PKG_CONFIG_PATH environment variable
No package 'gstreamer-1.0' found
Package gstreamer-base-1.0 was not found in the pkg-config search path.
Perhaps you should add the directory containing `gstreamer-base-1.0.pc'
to the PKG_CONFIG_PATH environment variable
No package 'gstreamer-base-1.0' found
Package gstreamer-plugins-base-1.0 was not found in the pkg-config search path.
Perhaps you should add the directory containing `gstreamer-plugins-base-1.0.pc'
to the PKG_CONFIG_PATH environment variable
No package 'gstreamer-plugins-base-1.0' found
configure:12749: $? = 1
configure:12768: $PKG_CONFIG --exists --print-errors "gstreamer-$GST_MAJORMINOR >= 1.0
		       gstreamer-base-$GST_MAJORMINOR >= 1.0
		       gstreamer-plugins-base-$GST_MAJORMINOR >= 1.0"
Package gstreamer-1.0 was not found in the pkg-config search path.
Perhaps you should add the directory containing `gstreamer-1.0.pc'
to the PKG_CONFIG_PATH environment variable
No package 'gstreamer-1.0' found
Package gstreamer-base-1.0 was not found in the pkg-config search path.
Perhaps you should add the directory containing `gstreamer-base-1.0.pc'
to the PKG_CONFIG_PATH environment variable
No package 'gstreamer-base-1.0' found
Package gstreamer-plugins-base-1.0 was not found in the pkg-config search path.
Perhaps you should add the directory containing `gstreamer-plugins-base-1.0.pc'
to the PKG_CONFIG_PATH environment variable
No package 'gstreamer-plugins-base-1.0' found
configure:12773: $? = 1
No package 'gstreamer-1.0' found
No package 'gstreamer-base-1.0' found
No package 'gstreamer-plugins-base-1.0' found
configure:12807: result: no
configure:12867: checking for sphinxbase in /home/pi/pocketsphinx/../sphinxbase
configure:12871: result: yes
configure:13111: checking that generated files are newer than configure
configure:13117: result: done
configure:13152: creating ./config.status

## ---------------------- ##
## Running config.status. ##
## ---------------------- ##

This file was extended by pocketsphinx config.status 5prealpha, which was
generated by GNU Autoconf 2.69.  Invocation command line was

  CONFIG_FILES    = 
  CONFIG_HEADERS  = 
  CONFIG_LINKS    = 
  CONFIG_COMMANDS = 
  $ ./config.status 

on raspberrypi

config.status:1133: creating pocketsphinx.pc
config.status:1133: creating Makefile
config.status:1133: creating include/Makefile
config.status:1133: creating src/Makefile
config.status:1133: creating swig/Makefile
config.status:1133: creating swig/python/Makefile
config.status:1133: creating swig/python/test/Makefile
config.status:1133: creating src/libpocketsphinx/Makefile
config.status:1133: creating src/programs/Makefile
config.status:1133: creating src/gst-plugin/Makefile
config.status:1133: creating doc/Makefile
config.status:1133: creating doc/doxyfile
config.status:1133: creating model/Makefile
config.status:1133: creating test/Makefile
config.status:1133: creating test/testfuncs.sh
config.status:1133: creating test/unit/Makefile
config.status:1133: creating test/regression/Makefile
config.status:1133: creating include/config.h
config.status:1314: include/config.h is unchanged
config.status:1362: executing depfiles commands
config.status:1362: executing libtool commands

## ---------------- ##
## Cache variables. ##
## ---------------- ##

ac_cv_build=armv7l-unknown-linux-gnueabihf
ac_cv_c_compiler_gnu=yes
ac_cv_env_CC_set=
ac_cv_env_CC_value=
ac_cv_env_CFLAGS_set=
ac_cv_env_CFLAGS_value=
ac_cv_env_CPPFLAGS_set=
ac_cv_env_CPPFLAGS_value=
ac_cv_env_CPP_set=
ac_cv_env_CPP_value=
ac_cv_env_GStreamer_CFLAGS_set=
ac_cv_env_GStreamer_CFLAGS_value=
ac_cv_env_GStreamer_LIBS_set=
ac_cv_env_GStreamer_LIBS_value=
ac_cv_env_LDFLAGS_set=
ac_cv_env_LDFLAGS_value=
ac_cv_env_LIBS_set=
ac_cv_env_LIBS_value=
ac_cv_env_PKG_CONFIG_set=
ac_cv_env_PKG_CONFIG_value=
ac_cv_env_PYTHON_VERSION_set=
ac_cv_env_PYTHON_VERSION_value=
ac_cv_env_PYTHON_set=
ac_cv_env_PYTHON_value=
ac_cv_env_SPHINXBASE_CFLAGS_set=
ac_cv_env_SPHINXBASE_CFLAGS_value=
ac_cv_env_SPHINXBASE_LIBS_set=
ac_cv_env_SPHINXBASE_LIBS_value=
ac_cv_env_build_alias_set=
ac_cv_env_build_alias_value=
ac_cv_env_host_alias_set=
ac_cv_env_host_alias_value=
ac_cv_env_target_alias_set=
ac_cv_env_target_alias_value=
ac_cv_header_dlfcn_h=yes
ac_cv_header_inttypes_h=yes
ac_cv_header_memory_h=yes
ac_cv_header_stdc=yes
ac_cv_header_stdint_h=yes
ac_cv_header_stdlib_h=yes
ac_cv_header_string_h=yes
ac_cv_header_strings_h=yes
ac_cv_header_sys_stat_h=yes
ac_cv_header_sys_types_h=yes
ac_cv_header_unistd_h=yes
ac_cv_host=armv7l-unknown-linux-gnueabihf
ac_cv_objext=o
ac_cv_path_EGREP='/bin/grep -E'
ac_cv_path_FGREP='/bin/grep -F'
ac_cv_path_GREP=/bin/grep
ac_cv_path_PYTHON=/usr/bin/python
ac_cv_path_SED=/bin/sed
ac_cv_path_SWIG=/usr/bin/swig
ac_cv_path_ac_pt_PKG_CONFIG=/usr/bin/pkg-config
ac_cv_path_install='/usr/bin/install -c'
ac_cv_path_mkdir=/bin/mkdir
ac_cv_prog_AWK=mawk
ac_cv_prog_CPP='gcc -E'
ac_cv_prog_HAVE_DOXYGEN=no
ac_cv_prog_HAVE_PKGCONFIG=yes
ac_cv_prog_ac_ct_AR=ar
ac_cv_prog_ac_ct_CC=gcc
ac_cv_prog_ac_ct_MANIFEST_TOOL=mt
ac_cv_prog_ac_ct_OBJDUMP=objdump
ac_cv_prog_ac_ct_RANLIB=ranlib
ac_cv_prog_ac_ct_STRIP=strip
ac_cv_prog_cc_c89=
ac_cv_prog_cc_g=yes
ac_cv_prog_make_make_set=yes
ac_cv_sizeof_long_long=8
ac_cv_type_long_long=yes
am_cv_CC_dependencies_compiler_type=gcc3
am_cv_make_support_nested_variables=yes
am_cv_pathless_PYTHON=python
am_cv_prog_cc_c_o=yes
am_cv_python_platform=linux2
am_cv_python_pyexecdir='${exec_prefix}/lib/python2.7/dist-packages'
am_cv_python_pythondir='${prefix}/lib/python2.7/dist-packages'
am_cv_python_version=2.7
lt_cv_ar_at_file=@
lt_cv_archive_cmds_need_lc=no
lt_cv_deplibs_check_method=pass_all
lt_cv_file_magic_cmd='$MAGIC_CMD'
lt_cv_file_magic_test_file=
lt_cv_ld_reload_flag=-r
lt_cv_nm_interface='BSD nm'
lt_cv_objdir=.libs
lt_cv_path_LD=/usr/bin/ld
lt_cv_path_NM='/usr/bin/nm -B'
lt_cv_path_mainfest_tool=no
lt_cv_prog_compiler_c_o=yes
lt_cv_prog_compiler_pic='-fPIC -DPIC'
lt_cv_prog_compiler_pic_works=yes
lt_cv_prog_compiler_rtti_exceptions=no
lt_cv_prog_compiler_static_works=yes
lt_cv_prog_gnu_ld=yes
lt_cv_sharedlib_from_linklib_cmd='printf %s\n'
lt_cv_shlibpath_overrides_runpath=no
lt_cv_sys_global_symbol_pipe='sed -n -e '\''s/^.*[	 ]\([ABCDGIRSTW][ABCDGIRSTW]*\)[	 ][	 ]*\([_A-Za-z][_A-Za-z0-9]*\)$/\1 \2 \2/p'\'' | sed '\''/ __gnu_lto/d'\'''
lt_cv_sys_global_symbol_to_c_name_address='sed -n -e '\''s/^: \([^ ]*\)[ ]*$/  {\"\1\", (void *) 0},/p'\'' -e '\''s/^[ABCDGIRSTW]* \([^ ]*\) \([^ ]*\)$/  {"\2", (void *) \&\2},/p'\'''
lt_cv_sys_global_symbol_to_c_name_address_lib_prefix='sed -n -e '\''s/^: \([^ ]*\)[ ]*$/  {\"\1\", (void *) 0},/p'\'' -e '\''s/^[ABCDGIRSTW]* \([^ ]*\) \(lib[^ ]*\)$/  {"\2", (void *) \&\2},/p'\'' -e '\''s/^[ABCDGIRSTW]* \([^ ]*\) \([^ ]*\)$/  {"lib\2", (void *) \&\2},/p'\'''
lt_cv_sys_global_symbol_to_cdecl='sed -n -e '\''s/^T .* \(.*\)$/extern int \1();/p'\'' -e '\''s/^[ABCDGIRSTW]* .* \(.*\)$/extern char \1;/p'\'''
lt_cv_sys_max_cmd_len=1572864
lt_cv_to_host_file_cmd=func_convert_file_noop
lt_cv_to_tool_file_cmd=func_convert_file_noop

## ----------------- ##
## Output variables. ##
## ----------------- ##

ACLOCAL='${SHELL} /home/pi/pocketsphinx/missing aclocal-1.14'
AMDEPBACKSLASH='\'
AMDEP_FALSE='#'
AMDEP_TRUE=''
AMTAR='$${TAR-tar}'
AM_BACKSLASH='\'
AM_DEFAULT_V='$(AM_DEFAULT_VERBOSITY)'
AM_DEFAULT_VERBOSITY='1'
AM_V='$(V)'
AR='ar'
AUTOCONF='${SHELL} /home/pi/pocketsphinx/missing autoconf'
AUTOHEADER='${SHELL} /home/pi/pocketsphinx/missing autoheader'
AUTOMAKE='${SHELL} /home/pi/pocketsphinx/missing automake-1.14'
AWK='mawk'
BUILD_DOXYGEN_FALSE=''
BUILD_DOXYGEN_TRUE='#'
BUILD_GST_FALSE=''
BUILD_GST_TRUE='#'
BUILD_SWIG_FALSE='#'
BUILD_SWIG_TRUE=''
CC='gcc'
CCDEPMODE='depmode=gcc3'
CFLAGS='-g -O2 -Wall'
CPP='gcc -E'
CPPFLAGS=' -I/home/pi/pocketsphinx/../sphinxbase/include -I/home/pi/pocketsphinx/../sphinxbase/include/sphinxbase'
CYGPATH_W='echo'
DEFS='-DHAVE_CONFIG_H'
DEPDIR='.deps'
DLLTOOL='false'
DSYMUTIL=''
DUMPBIN=''
ECHO_C=''
ECHO_N='-n'
ECHO_T=''
EGREP='/bin/grep -E'
EXEEXT=''
FGREP='/bin/grep -F'
GREP='/bin/grep'
GST_CFLAGS=' '
GST_LIBS=''
GST_MAJORMINOR='1.0'
GST_PLUGIN_LDFLAGS='-module -avoid-version -export-symbols-regex _*\(gst_\|Gst\|GST_\).*'
GStreamer_CFLAGS=''
GStreamer_LIBS=''
HAVE_DOXYGEN='no'
HAVE_PKGCONFIG='yes'
INSTALL_DATA='${INSTALL} -m 644'
INSTALL_PROGRAM='${INSTALL}'
INSTALL_SCRIPT='${INSTALL}'
INSTALL_STRIP_PROGRAM='$(install_sh) -c -s'
LD='/usr/bin/ld'
LDFLAGS=' -L/home/pi/pocketsphinx/../sphinxbase/lib -L/home/pi/pocketsphinx/../sphinxbase/src/libsphinxad -L/home/pi/pocketsphinx/../sphinxbase/src/libsphinxbase'
LIBOBJS=''
LIBS=' -lsphinxbase'
LIBTOOL='$(SHELL) $(top_builddir)/libtool'
LIPO=''
LN_S='ln -s'
LTLIBOBJS=''
MAKEINFO='${SHELL} /home/pi/pocketsphinx/missing makeinfo'
MANIFEST_TOOL=':'
MKDIR_P='/bin/mkdir -p'
NM='/usr/bin/nm -B'
NMEDIT=''
OBJDUMP='objdump'
OBJEXT='o'
OTOOL64=''
OTOOL=''
PACKAGE='pocketsphinx'
PACKAGE_BUGREPORT=''
PACKAGE_NAME='pocketsphinx'
PACKAGE_STRING='pocketsphinx 5prealpha'
PACKAGE_TARNAME='pocketsphinx'
PACKAGE_URL=''
PACKAGE_VERSION='5prealpha'
PATH_SEPARATOR=':'
PKG_CONFIG='/usr/bin/pkg-config'
PYTHON='/usr/bin/python'
PYTHON_CPPFLAGS='-I/usr/include/python2.7'
PYTHON_EXEC_PREFIX='${exec_prefix}'
PYTHON_EXTRA_LDFLAGS='-Xlinker -export-dynamic -Wl,-O1 -Wl,-Bsymbolic-functions'
PYTHON_EXTRA_LIBS='-lpthread -ldl  -lutil -lm'
PYTHON_LDFLAGS='-L/usr/lib -lpython2.7'
PYTHON_PLATFORM='linux2'
PYTHON_PREFIX='${prefix}'
PYTHON_SITE_PKG='/usr/lib/python2.7/dist-packages'
PYTHON_VERSION='2.7'
RANLIB='ranlib'
SED='/bin/sed'
SET_MAKE=''
SHELL='/bin/bash'
SPHINXBASE_CFLAGS=''
SPHINXBASE_LIBS=''
SPHINXBASE_SWIG='/home/pi/pocketsphinx/../sphinxbase/swig'
STRIP='strip'
SWIG='/usr/bin/swig'
SWIG_LIB='/usr/share/swig2.0'
VERSION='5prealpha'
ac_ct_AR='ar'
ac_ct_CC='gcc'
ac_ct_DUMPBIN=''
am__EXEEXT_FALSE=''
am__EXEEXT_TRUE='#'
am__fastdepCC_FALSE='#'
am__fastdepCC_TRUE=''
am__include='include'
am__isrc=''
am__leading_dot='.'
am__nodep='_no'
am__quote=''
am__tar='$${TAR-tar} chof - "$$tardir"'
am__untar='$${TAR-tar} xf -'
bindir='${exec_prefix}/bin'
build='armv7l-unknown-linux-gnueabihf'
build_alias=''
build_cpu='armv7l'
build_os='linux-gnueabihf'
build_vendor='unknown'
datadir='${datarootdir}'
datarootdir='${prefix}/share'
docdir='${datarootdir}/doc/${PACKAGE_TARNAME}'
dvidir='${docdir}'
exec_prefix='${prefix}'
host='armv7l-unknown-linux-gnueabihf'
host_alias=''
host_cpu='armv7l'
host_os='linux-gnueabihf'
host_vendor='unknown'
htmldir='${docdir}'
includedir='${prefix}/include'
infodir='${datarootdir}/info'
install_sh='${SHELL} /home/pi/pocketsphinx/install-sh'
libdir='${exec_prefix}/lib'
libexecdir='${exec_prefix}/libexec'
localedir='${datarootdir}/locale'
localstatedir='${prefix}/var'
mandir='${datarootdir}/man'
mkdir_p='$(MKDIR_P)'
oldincludedir='/usr/include'
pdfdir='${docdir}'
pkgpyexecdir='${pyexecdir}/pocketsphinx'
pkgpythondir='${pythondir}/pocketsphinx'
plugindir='$(libdir)/gstreamer-1.0'
prefix='/usr/local'
program_transform_name='s,x,x,'
psdir='${docdir}'
pyexecdir='${exec_prefix}/lib/python2.7/dist-packages'
pythondir='${prefix}/lib/python2.7/dist-packages'
sbindir='${exec_prefix}/sbin'
sharedstatedir='${prefix}/com'
sysconfdir='${prefix}/etc'
target_alias=''

## ----------- ##
## confdefs.h. ##
## ----------- ##

/* confdefs.h */
#define PACKAGE_NAME "pocketsphinx"
#define PACKAGE_TARNAME "pocketsphinx"
#define PACKAGE_VERSION "5prealpha"
#define PACKAGE_STRING "pocketsphinx 5prealpha"
#define PACKAGE_BUGREPORT ""
#define PACKAGE_URL ""
#define STDC_HEADERS 1
#define HAVE_SYS_TYPES_H 1
#define HAVE_SYS_STAT_H 1
#define HAVE_STDLIB_H 1
#define HAVE_STRING_H 1
#define HAVE_MEMORY_H 1
#define HAVE_STRINGS_H 1
#define HAVE_INTTYPES_H 1
#define HAVE_STDINT_H 1
#define HAVE_UNISTD_H 1
#define HAVE_LONG_LONG 1
#define SIZEOF_LONG_LONG 8
#define HAVE_DLFCN_H 1
#define LT_OBJDIR ".libs/"
#define HAVE_PYTHON "2.7"

configure: exit 0
